mode: set
github.com/wilfreddenton/arkivi/utils.go:19.59,20.35 1 1
github.com/wilfreddenton/arkivi/utils.go:23.2,23.24 1 1
github.com/wilfreddenton/arkivi/utils.go:20.35,22.3 1 1
github.com/wilfreddenton/arkivi/utils.go:26.33,27.55 1 1
github.com/wilfreddenton/arkivi/utils.go:27.55,29.3 1 1
github.com/wilfreddenton/arkivi/utils.go:29.3,31.3 1 1
github.com/wilfreddenton/arkivi/utils.go:34.38,37.17 3 1
github.com/wilfreddenton/arkivi/utils.go:40.2,41.30 2 1
github.com/wilfreddenton/arkivi/utils.go:44.2,44.23 1 1
github.com/wilfreddenton/arkivi/utils.go:37.17,39.3 1 1
github.com/wilfreddenton/arkivi/utils.go:41.30,43.3 1 1
github.com/wilfreddenton/arkivi/utils.go:52.44,53.41 1 1
github.com/wilfreddenton/arkivi/utils.go:58.2,58.14 1 1
github.com/wilfreddenton/arkivi/utils.go:53.41,54.16 1 1
github.com/wilfreddenton/arkivi/utils.go:54.16,56.4 1 1
github.com/wilfreddenton/arkivi/utils.go:61.55,66.2 4 1
github.com/wilfreddenton/arkivi/utils.go:68.37,71.20 3 1
github.com/wilfreddenton/arkivi/utils.go:74.2,74.14 1 1
github.com/wilfreddenton/arkivi/utils.go:71.20,73.3 1 1
github.com/wilfreddenton/arkivi/utils.go:77.51,85.2 7 1
github.com/wilfreddenton/arkivi/utils.go:87.72,90.21 3 1
github.com/wilfreddenton/arkivi/utils.go:93.2,95.16 3 1
github.com/wilfreddenton/arkivi/utils.go:98.2,99.20 2 1
github.com/wilfreddenton/arkivi/utils.go:90.21,92.3 1 1
github.com/wilfreddenton/arkivi/utils.go:95.16,97.3 1 1
github.com/wilfreddenton/arkivi/utils.go:102.100,104.20 2 1
github.com/wilfreddenton/arkivi/utils.go:107.2,108.19 2 1
github.com/wilfreddenton/arkivi/utils.go:111.2,111.16 1 1
github.com/wilfreddenton/arkivi/utils.go:123.2,124.8 2 1
github.com/wilfreddenton/arkivi/utils.go:104.20,106.3 1 1
github.com/wilfreddenton/arkivi/utils.go:108.19,110.3 1 1
github.com/wilfreddenton/arkivi/utils.go:111.16,112.64 1 1
github.com/wilfreddenton/arkivi/utils.go:112.64,114.4 1 1
github.com/wilfreddenton/arkivi/utils.go:114.4,121.4 1 1
github.com/wilfreddenton/arkivi/utils.go:127.37,130.23 3 1
github.com/wilfreddenton/arkivi/utils.go:144.2,144.13 1 1
github.com/wilfreddenton/arkivi/utils.go:130.23,133.40 3 1
github.com/wilfreddenton/arkivi/utils.go:137.3,138.23 2 1
github.com/wilfreddenton/arkivi/utils.go:142.3,142.27 1 1
github.com/wilfreddenton/arkivi/utils.go:133.40,135.12 2 1
github.com/wilfreddenton/arkivi/utils.go:138.23,141.4 2 1
github.com/wilfreddenton/arkivi/handlers.go:36.72,37.29 1 0
github.com/wilfreddenton/arkivi/handlers.go:37.29,39.15 2 0
github.com/wilfreddenton/arkivi/handlers.go:39.15,46.4 1 0
github.com/wilfreddenton/arkivi/handlers.go:46.4,48.4 1 0
github.com/wilfreddenton/arkivi/handlers.go:53.74,59.19 6 0
github.com/wilfreddenton/arkivi/handlers.go:62.2,65.21 4 0
github.com/wilfreddenton/arkivi/handlers.go:76.2,84.12 3 0
github.com/wilfreddenton/arkivi/handlers.go:59.19,61.3 1 0
github.com/wilfreddenton/arkivi/handlers.go:65.21,67.28 2 0
github.com/wilfreddenton/arkivi/handlers.go:67.28,68.31 1 0
github.com/wilfreddenton/arkivi/handlers.go:68.31,71.5 2 0
github.com/wilfreddenton/arkivi/handlers.go:71.5,73.5 1 0
github.com/wilfreddenton/arkivi/handlers.go:87.78,91.16 4 0
github.com/wilfreddenton/arkivi/handlers.go:99.2,101.22 3 0
github.com/wilfreddenton/arkivi/handlers.go:109.2,114.12 2 0
github.com/wilfreddenton/arkivi/handlers.go:91.16,98.3 1 0
github.com/wilfreddenton/arkivi/handlers.go:101.22,108.3 1 0
github.com/wilfreddenton/arkivi/handlers.go:117.79,121.16 4 0
github.com/wilfreddenton/arkivi/handlers.go:129.2,130.51 2 0
github.com/wilfreddenton/arkivi/handlers.go:138.2,146.24 4 0
github.com/wilfreddenton/arkivi/handlers.go:149.2,154.19 6 0
github.com/wilfreddenton/arkivi/handlers.go:157.2,159.22 3 0
github.com/wilfreddenton/arkivi/handlers.go:162.2,171.12 4 0
github.com/wilfreddenton/arkivi/handlers.go:121.16,128.3 1 0
github.com/wilfreddenton/arkivi/handlers.go:130.51,137.3 1 0
github.com/wilfreddenton/arkivi/handlers.go:146.24,148.3 1 0
github.com/wilfreddenton/arkivi/handlers.go:154.19,156.3 1 0
github.com/wilfreddenton/arkivi/handlers.go:159.22,161.3 1 0
github.com/wilfreddenton/arkivi/handlers.go:174.82,179.2 1 0
github.com/wilfreddenton/arkivi/handlers.go:181.72,184.23 3 0
github.com/wilfreddenton/arkivi/handlers.go:195.2,195.18 1 0
github.com/wilfreddenton/arkivi/handlers.go:246.2,246.12 1 0
github.com/wilfreddenton/arkivi/handlers.go:184.23,187.29 3 0
github.com/wilfreddenton/arkivi/handlers.go:187.29,193.4 1 0
github.com/wilfreddenton/arkivi/handlers.go:196.2,200.5 1 0
github.com/wilfreddenton/arkivi/handlers.go:201.2,206.56 5 0
github.com/wilfreddenton/arkivi/handlers.go:209.3,209.26 1 0
github.com/wilfreddenton/arkivi/handlers.go:212.3,214.23 3 0
github.com/wilfreddenton/arkivi/handlers.go:217.3,219.23 3 0
github.com/wilfreddenton/arkivi/handlers.go:222.3,223.17 2 0
github.com/wilfreddenton/arkivi/handlers.go:226.3,226.25 1 0
github.com/wilfreddenton/arkivi/handlers.go:234.3,244.61 5 0
github.com/wilfreddenton/arkivi/handlers.go:206.56,208.4 1 0
github.com/wilfreddenton/arkivi/handlers.go:209.26,211.4 1 0
github.com/wilfreddenton/arkivi/handlers.go:214.23,216.4 1 0
github.com/wilfreddenton/arkivi/handlers.go:219.23,221.4 1 0
github.com/wilfreddenton/arkivi/handlers.go:223.17,225.4 1 0
github.com/wilfreddenton/arkivi/handlers.go:226.25,233.4 2 0
github.com/wilfreddenton/arkivi/handlers.go:249.84,254.2 1 0
github.com/wilfreddenton/arkivi/handlers.go:256.79,259.16 3 0
github.com/wilfreddenton/arkivi/handlers.go:266.2,267.16 2 0
github.com/wilfreddenton/arkivi/handlers.go:274.2,276.41 3 0
github.com/wilfreddenton/arkivi/handlers.go:283.2,290.12 3 0
github.com/wilfreddenton/arkivi/handlers.go:259.16,265.3 1 0
github.com/wilfreddenton/arkivi/handlers.go:267.16,273.3 1 0
github.com/wilfreddenton/arkivi/handlers.go:276.41,282.3 1 0
github.com/wilfreddenton/arkivi/handlers.go:293.83,298.2 1 0
github.com/wilfreddenton/arkivi/handlers.go:300.72,303.16 3 0
github.com/wilfreddenton/arkivi/handlers.go:310.2,312.22 3 0
github.com/wilfreddenton/arkivi/handlers.go:319.2,320.16 2 0
github.com/wilfreddenton/arkivi/handlers.go:327.2,329.12 3 0
github.com/wilfreddenton/arkivi/handlers.go:303.16,309.3 1 0
github.com/wilfreddenton/arkivi/handlers.go:312.22,318.3 1 0
github.com/wilfreddenton/arkivi/handlers.go:320.16,326.3 1 0
github.com/wilfreddenton/arkivi/handlers.go:332.88,334.2 1 0
github.com/wilfreddenton/arkivi/handlers.go:336.73,338.16 2 0
github.com/wilfreddenton/arkivi/handlers.go:345.2,347.12 3 0
github.com/wilfreddenton/arkivi/handlers.go:338.16,344.3 1 0
github.com/wilfreddenton/arkivi/handlers.go:350.75,354.16 3 0
github.com/wilfreddenton/arkivi/handlers.go:361.2,363.40 3 0
github.com/wilfreddenton/arkivi/handlers.go:370.2,371.19 2 0
github.com/wilfreddenton/arkivi/handlers.go:374.2,375.26 2 0
github.com/wilfreddenton/arkivi/handlers.go:378.2,380.13 3 0
github.com/wilfreddenton/arkivi/handlers.go:388.2,388.16 1 0
github.com/wilfreddenton/arkivi/handlers.go:395.2,396.18 2 0
github.com/wilfreddenton/arkivi/handlers.go:401.2,402.16 2 0
github.com/wilfreddenton/arkivi/handlers.go:409.2,432.24 13 0
github.com/wilfreddenton/arkivi/handlers.go:442.2,445.12 4 0
github.com/wilfreddenton/arkivi/handlers.go:354.16,360.3 1 0
github.com/wilfreddenton/arkivi/handlers.go:363.40,369.3 1 0
github.com/wilfreddenton/arkivi/handlers.go:371.19,373.3 1 0
github.com/wilfreddenton/arkivi/handlers.go:375.26,377.3 1 0
github.com/wilfreddenton/arkivi/handlers.go:381.2,382.30 1 0
github.com/wilfreddenton/arkivi/handlers.go:383.2,384.29 1 0
github.com/wilfreddenton/arkivi/handlers.go:385.2,386.35 1 0
github.com/wilfreddenton/arkivi/handlers.go:388.16,394.3 1 0
github.com/wilfreddenton/arkivi/handlers.go:396.18,398.3 1 0
github.com/wilfreddenton/arkivi/handlers.go:398.3,400.3 1 0
github.com/wilfreddenton/arkivi/handlers.go:402.16,408.3 1 0
github.com/wilfreddenton/arkivi/handlers.go:432.24,439.3 2 0
github.com/wilfreddenton/arkivi/handlers.go:439.3,441.3 1 0
github.com/wilfreddenton/arkivi/handlers.go:448.83,453.50 5 0
github.com/wilfreddenton/arkivi/handlers.go:458.2,460.40 3 0
github.com/wilfreddenton/arkivi/handlers.go:453.50,457.3 3 0
github.com/wilfreddenton/arkivi/handlers.go:463.72,467.16 4 0
github.com/wilfreddenton/arkivi/handlers.go:474.2,477.50 4 0
github.com/wilfreddenton/arkivi/handlers.go:482.2,485.12 4 0
github.com/wilfreddenton/arkivi/handlers.go:467.16,473.3 1 0
github.com/wilfreddenton/arkivi/handlers.go:477.50,481.3 3 0
github.com/wilfreddenton/arkivi/handlers.go:488.72,492.16 4 0
github.com/wilfreddenton/arkivi/handlers.go:499.2,502.16 4 0
github.com/wilfreddenton/arkivi/handlers.go:509.2,511.41 3 0
github.com/wilfreddenton/arkivi/handlers.go:518.2,520.16 3 0
github.com/wilfreddenton/arkivi/handlers.go:523.2,533.12 4 0
github.com/wilfreddenton/arkivi/handlers.go:492.16,498.3 1 0
github.com/wilfreddenton/arkivi/handlers.go:502.16,508.3 1 0
github.com/wilfreddenton/arkivi/handlers.go:511.41,517.3 1 0
github.com/wilfreddenton/arkivi/handlers.go:520.16,522.3 1 0
github.com/wilfreddenton/arkivi/handlers.go:536.75,540.16 4 0
github.com/wilfreddenton/arkivi/handlers.go:547.2,550.16 4 0
github.com/wilfreddenton/arkivi/handlers.go:557.2,559.41 3 0
github.com/wilfreddenton/arkivi/handlers.go:566.2,569.23 4 0
github.com/wilfreddenton/arkivi/handlers.go:578.2,580.29 3 0
github.com/wilfreddenton/arkivi/handlers.go:590.2,591.12 2 0
github.com/wilfreddenton/arkivi/handlers.go:540.16,546.3 1 0
github.com/wilfreddenton/arkivi/handlers.go:550.16,556.3 1 0
github.com/wilfreddenton/arkivi/handlers.go:559.41,565.3 1 0
github.com/wilfreddenton/arkivi/handlers.go:569.23,570.30 1 0
github.com/wilfreddenton/arkivi/handlers.go:570.30,572.4 1 0
github.com/wilfreddenton/arkivi/handlers.go:572.4,574.4 1 0
github.com/wilfreddenton/arkivi/handlers.go:575.3,577.3 1 0
github.com/wilfreddenton/arkivi/handlers.go:580.29,582.17 2 0
github.com/wilfreddenton/arkivi/handlers.go:582.17,588.4 1 0
github.com/wilfreddenton/arkivi/handlers.go:594.68,599.18 5 0
github.com/wilfreddenton/arkivi/handlers.go:604.2,605.14 2 0
github.com/wilfreddenton/arkivi/handlers.go:611.2,616.30 6 0
github.com/wilfreddenton/arkivi/handlers.go:632.2,632.25 1 0
github.com/wilfreddenton/arkivi/handlers.go:635.2,640.19 6 0
github.com/wilfreddenton/arkivi/handlers.go:643.2,645.14 3 0
github.com/wilfreddenton/arkivi/handlers.go:656.2,656.30 1 0
github.com/wilfreddenton/arkivi/handlers.go:663.2,665.18 3 0
github.com/wilfreddenton/arkivi/handlers.go:668.2,668.14 1 0
github.com/wilfreddenton/arkivi/handlers.go:671.2,671.16 1 0
github.com/wilfreddenton/arkivi/handlers.go:674.2,681.12 2 0
github.com/wilfreddenton/arkivi/handlers.go:599.18,603.3 3 0
github.com/wilfreddenton/arkivi/handlers.go:605.14,607.18 2 0
github.com/wilfreddenton/arkivi/handlers.go:607.18,609.4 1 0
github.com/wilfreddenton/arkivi/handlers.go:616.30,617.17 1 0
github.com/wilfreddenton/arkivi/handlers.go:617.17,622.4 2 0
github.com/wilfreddenton/arkivi/handlers.go:622.4,630.4 2 0
github.com/wilfreddenton/arkivi/handlers.go:632.25,634.3 1 0
github.com/wilfreddenton/arkivi/handlers.go:640.19,642.3 1 0
github.com/wilfreddenton/arkivi/handlers.go:646.2,647.23 1 0
github.com/wilfreddenton/arkivi/handlers.go:648.2,649.18 1 0
github.com/wilfreddenton/arkivi/handlers.go:650.2,651.19 1 0
github.com/wilfreddenton/arkivi/handlers.go:652.2,654.24 2 0
github.com/wilfreddenton/arkivi/handlers.go:656.30,662.3 1 0
github.com/wilfreddenton/arkivi/handlers.go:665.18,667.3 1 0
github.com/wilfreddenton/arkivi/handlers.go:668.14,670.3 1 0
github.com/wilfreddenton/arkivi/handlers.go:671.16,673.3 1 0
github.com/wilfreddenton/arkivi/handlers.go:684.72,687.25 3 0
github.com/wilfreddenton/arkivi/handlers.go:749.2,749.12 1 0
github.com/wilfreddenton/arkivi/handlers.go:687.25,690.32 3 0
github.com/wilfreddenton/arkivi/handlers.go:693.3,695.51 3 0
github.com/wilfreddenton/arkivi/handlers.go:690.32,692.4 1 0
github.com/wilfreddenton/arkivi/handlers.go:695.51,699.4 3 0
github.com/wilfreddenton/arkivi/handlers.go:700.3,706.20 6 0
github.com/wilfreddenton/arkivi/handlers.go:709.3,713.89 5 0
github.com/wilfreddenton/arkivi/handlers.go:721.3,729.51 3 0
github.com/wilfreddenton/arkivi/handlers.go:734.3,736.17 3 0
github.com/wilfreddenton/arkivi/handlers.go:739.3,747.5 1 0
github.com/wilfreddenton/arkivi/handlers.go:706.20,708.4 1 0
github.com/wilfreddenton/arkivi/handlers.go:713.89,716.23 3 0
github.com/wilfreddenton/arkivi/handlers.go:719.4,719.12 1 0
github.com/wilfreddenton/arkivi/handlers.go:716.23,718.5 1 0
github.com/wilfreddenton/arkivi/handlers.go:729.51,733.4 3 0
github.com/wilfreddenton/arkivi/handlers.go:736.17,738.4 1 0
github.com/wilfreddenton/arkivi/handlers.go:752.70,756.16 4 0
github.com/wilfreddenton/arkivi/handlers.go:763.2,767.20 5 0
github.com/wilfreddenton/arkivi/handlers.go:772.2,772.16 1 0
github.com/wilfreddenton/arkivi/handlers.go:779.2,780.14 2 0
github.com/wilfreddenton/arkivi/handlers.go:842.2,842.12 1 0
github.com/wilfreddenton/arkivi/handlers.go:756.16,762.3 1 0
github.com/wilfreddenton/arkivi/handlers.go:767.20,769.3 1 0
github.com/wilfreddenton/arkivi/handlers.go:769.3,771.3 1 0
github.com/wilfreddenton/arkivi/handlers.go:772.16,778.3 1 0
github.com/wilfreddenton/arkivi/handlers.go:781.2,782.33 1 0
github.com/wilfreddenton/arkivi/handlers.go:783.2,784.34 1 0
github.com/wilfreddenton/arkivi/handlers.go:785.2,786.41 1 0
github.com/wilfreddenton/arkivi/handlers.go:789.2,790.41 1 0
github.com/wilfreddenton/arkivi/handlers.go:793.2,794.41 1 0
github.com/wilfreddenton/arkivi/handlers.go:803.2,805.29 2 0
github.com/wilfreddenton/arkivi/handlers.go:810.2,814.32 4 0
github.com/wilfreddenton/arkivi/handlers.go:830.3,831.30 2 0
github.com/wilfreddenton/arkivi/handlers.go:786.41,788.4 1 0
github.com/wilfreddenton/arkivi/handlers.go:790.41,792.4 1 0
github.com/wilfreddenton/arkivi/handlers.go:794.41,798.18 4 0
github.com/wilfreddenton/arkivi/handlers.go:801.4,801.30 1 0
github.com/wilfreddenton/arkivi/handlers.go:798.18,800.5 1 0
github.com/wilfreddenton/arkivi/handlers.go:805.29,809.4 3 0
github.com/wilfreddenton/arkivi/handlers.go:814.32,821.52 5 0
github.com/wilfreddenton/arkivi/handlers.go:824.4,825.15 2 0
github.com/wilfreddenton/arkivi/handlers.go:828.4,828.42 1 0
github.com/wilfreddenton/arkivi/handlers.go:821.52,823.5 1 0
github.com/wilfreddenton/arkivi/handlers.go:825.15,827.5 1 0
github.com/wilfreddenton/arkivi/handlers.go:831.30,833.18 2 0
github.com/wilfreddenton/arkivi/handlers.go:833.18,839.5 1 0
github.com/wilfreddenton/arkivi/handlers.go:845.73,847.16 2 0
github.com/wilfreddenton/arkivi/handlers.go:854.2,867.12 8 0
github.com/wilfreddenton/arkivi/handlers.go:847.16,853.3 1 0
github.com/wilfreddenton/arkivi/image.go:26.59,30.16 4 0
github.com/wilfreddenton/arkivi/image.go:33.2,34.26 2 0
github.com/wilfreddenton/arkivi/image.go:42.2,42.36 1 0
github.com/wilfreddenton/arkivi/image.go:30.16,32.3 1 0
github.com/wilfreddenton/arkivi/image.go:35.2,36.33 1 0
github.com/wilfreddenton/arkivi/image.go:37.2,38.27 1 0
github.com/wilfreddenton/arkivi/image.go:39.2,40.33 1 0
github.com/wilfreddenton/arkivi/image.go:45.78,50.24 4 0
github.com/wilfreddenton/arkivi/image.go:63.2,66.16 4 0
github.com/wilfreddenton/arkivi/image.go:69.2,70.31 2 0
github.com/wilfreddenton/arkivi/image.go:75.2,76.16 2 0
github.com/wilfreddenton/arkivi/image.go:50.24,51.47 1 0
github.com/wilfreddenton/arkivi/image.go:51.47,53.4 1 0
github.com/wilfreddenton/arkivi/image.go:53.4,55.4 1 0
github.com/wilfreddenton/arkivi/image.go:56.3,57.47 1 0
github.com/wilfreddenton/arkivi/image.go:57.47,59.4 1 0
github.com/wilfreddenton/arkivi/image.go:59.4,61.4 1 0
github.com/wilfreddenton/arkivi/image.go:66.16,68.3 1 0
github.com/wilfreddenton/arkivi/image.go:70.31,72.3 1 0
github.com/wilfreddenton/arkivi/image.go:72.3,74.3 1 0
github.com/wilfreddenton/arkivi/image.go:77.2,78.34 1 0
github.com/wilfreddenton/arkivi/image.go:79.2,80.35 1 0
github.com/wilfreddenton/arkivi/image.go:81.2,82.34 1 0
github.com/wilfreddenton/arkivi/image.go:83.2,84.34 1 0
github.com/wilfreddenton/arkivi/image.go:88.69,91.46 3 0
github.com/wilfreddenton/arkivi/image.go:96.2,96.73 1 0
github.com/wilfreddenton/arkivi/image.go:91.46,93.3 1 0
github.com/wilfreddenton/arkivi/image.go:93.3,95.3 1 0
github.com/wilfreddenton/arkivi/image.go:99.56,107.41 6 0
github.com/wilfreddenton/arkivi/image.go:112.2,114.16 3 0
github.com/wilfreddenton/arkivi/image.go:117.2,119.41 3 0
github.com/wilfreddenton/arkivi/image.go:107.41,111.3 3 0
github.com/wilfreddenton/arkivi/image.go:114.16,116.3 1 0
github.com/wilfreddenton/arkivi/image.go:122.42,126.26 4 0
github.com/wilfreddenton/arkivi/image.go:146.2,146.11 1 0
github.com/wilfreddenton/arkivi/image.go:127.2,128.27 1 0
github.com/wilfreddenton/arkivi/image.go:140.2,141.70 1 0
github.com/wilfreddenton/arkivi/image.go:128.27,130.14 2 0
github.com/wilfreddenton/arkivi/image.go:135.4,135.12 1 0
github.com/wilfreddenton/arkivi/image.go:130.14,132.5 1 0
github.com/wilfreddenton/arkivi/image.go:132.5,134.5 1 0
github.com/wilfreddenton/arkivi/image.go:135.12,138.5 2 0
github.com/wilfreddenton/arkivi/image.go:141.70,144.4 2 0
github.com/wilfreddenton/arkivi/main.go:20.67,22.3 1 0
github.com/wilfreddenton/arkivi/main.go:30.13,39.16 6 0
github.com/wilfreddenton/arkivi/main.go:42.2,83.69 25 0
github.com/wilfreddenton/arkivi/main.go:39.16,41.3 1 0
github.com/wilfreddenton/arkivi/models.go:65.24,67.2 1 0
github.com/wilfreddenton/arkivi/models.go:69.37,73.22 4 0
github.com/wilfreddenton/arkivi/models.go:76.2,76.22 1 0
github.com/wilfreddenton/arkivi/models.go:79.2,79.23 1 0
github.com/wilfreddenton/arkivi/models.go:82.2,82.22 1 0
github.com/wilfreddenton/arkivi/models.go:85.2,85.17 1 0
github.com/wilfreddenton/arkivi/models.go:88.2,88.14 1 0
github.com/wilfreddenton/arkivi/models.go:73.22,75.3 1 0
github.com/wilfreddenton/arkivi/models.go:76.22,78.3 1 0
github.com/wilfreddenton/arkivi/models.go:79.23,81.3 1 0
github.com/wilfreddenton/arkivi/models.go:82.22,84.3 1 0
github.com/wilfreddenton/arkivi/models.go:85.17,87.3 1 0
github.com/wilfreddenton/arkivi/template.go:23.52,29.20 6 0
github.com/wilfreddenton/arkivi/template.go:32.2,32.18 1 0
github.com/wilfreddenton/arkivi/template.go:39.2,39.14 1 0
github.com/wilfreddenton/arkivi/template.go:42.2,43.53 2 0
github.com/wilfreddenton/arkivi/template.go:29.20,31.3 1 0
github.com/wilfreddenton/arkivi/template.go:32.18,33.27 1 0
github.com/wilfreddenton/arkivi/template.go:33.27,35.4 1 0
github.com/wilfreddenton/arkivi/template.go:36.3,38.3 1 0
github.com/wilfreddenton/arkivi/template.go:39.14,41.3 1 0
github.com/wilfreddenton/arkivi/template.go:46.37,47.23 1 0
github.com/wilfreddenton/arkivi/template.go:47.23,49.3 1 0
github.com/wilfreddenton/arkivi/template.go:52.22,68.22 3 0
github.com/wilfreddenton/arkivi/template.go:71.2,71.21 1 0
github.com/wilfreddenton/arkivi/template.go:68.22,70.3 1 0
github.com/wilfreddenton/arkivi/template.go:74.107,76.9 2 0
github.com/wilfreddenton/arkivi/template.go:79.2,82.16 4 0
github.com/wilfreddenton/arkivi/template.go:87.2,89.12 3 0
github.com/wilfreddenton/arkivi/template.go:76.9,78.3 1 0
github.com/wilfreddenton/arkivi/template.go:82.16,86.3 3 0
